4
...........
 #D#D#B#A# 
 #B#C#A#C# 

.......A...
 #D#D#B#.# 
 #B#C#A#C# 

.....A.....
 #D#D#B#.# 
 #B#C#A#C# 

...A.......
 #D#D#B#.# 
 #B#C#A#C# 

...A.B.....
 #D#D#.#.# 
 #B#C#A#C# 

...A.B.A...
 #D#D#.#.# 
 #B#C#.#C# 

...A.B...A.
 #D#D#.#.# 
 #B#C#.#C# 

.A...B...A.
 #D#D#.#.# 
 #B#C#.#C# 

.A.B.....A.
 #D#D#.#.# 
 #B#C#.#C# 

.A.B...C.A.
 #D#D#.#.# 
 #B#C#.#.# 

.A.B.....A.
 #D#D#.#.# 
 #B#C#C#.# 

.A.B.D...A.
 #D#.#.#.# 
 #B#C#C#.# 

.A.B...D.A.
 #D#.#.#.# 
 #B#C#C#.# 

.A.B.C.D.A.
 #D#.#.#.# 
 #B#.#C#.# 

.A...C.D.A.
 #D#.#.#.# 
 #B#B#C#.# 

.A.....D.A.
 #D#.#C#.# 
 #B#B#C#.# 

.A.D...D.A.
 #.#.#C#.# 
 #B#B#C#.# 

.A...D.D.A.
 #.#.#C#.# 
 #B#B#C#.# 

.A...D...A.
 #.#.#C#.# 
 #B#B#C#D# 

.A.....D.A.
 #.#.#C#.# 
 #B#B#C#D# 

.A.......A.
 #.#.#C#D# 
 #B#B#C#D# 

.A.....A...
 #.#.#C#D# 
 #B#B#C#D# 

.A...A.....
 #.#.#C#D# 
 #B#B#C#D# 

.A.B.A.....
 #.#.#C#D# 
 #.#B#C#D# 

.A...A.....
 #.#B#C#D# 
 #.#B#C#D# 

.A.A.......
 #.#B#C#D# 
 #.#B#C#D# 

.A.........
 #.#B#C#D# 
 #A#B#C#D# 

...........
 #A#B#C#D# 
 #A#B#C#D# 






