6
...........
 #D#D#B#A# 
 #D#C#B#A# 
 #D#B#A#C# 
 #B#C#A#C# 

.......B...
 #D#D#.#A# 
 #D#C#B#A# 
 #D#B#A#C# 
 #B#C#A#C# 

.........B.
 #D#D#.#A# 
 #D#C#B#A# 
 #D#B#A#C# 
 #B#C#A#C# 

.......B.B.
 #D#D#.#A# 
 #D#C#.#A# 
 #D#B#A#C# 
 #B#C#A#C# 

.....A.B.B.
 #D#D#.#A# 
 #D#C#.#A# 
 #D#B#.#C# 
 #B#C#A#C# 

...A...B.B.
 #D#D#.#A# 
 #D#C#.#A# 
 #D#B#.#C# 
 #B#C#A#C# 

.A.....B.B.
 #D#D#.#A# 
 #D#C#.#A# 
 #D#B#.#C# 
 #B#C#A#C# 

A......B.B.
 #D#D#.#A# 
 #D#C#.#A# 
 #D#B#.#C# 
 #B#C#A#C# 

A....A.B.B.
 #D#D#.#A# 
 #D#C#.#A# 
 #D#B#.#C# 
 #B#C#.#C# 

A..A...B.B.
 #D#D#.#A# 
 #D#C#.#A# 
 #D#B#.#C# 
 #B#C#.#C# 

AA.....B.B.
 #D#D#.#A# 
 #D#C#.#A# 
 #D#B#.#C# 
 #B#C#.#C# 

AA.D...B.B.
 #D#.#.#A# 
 #D#C#.#A# 
 #D#B#.#C# 
 #B#C#.#C# 

AA.D.C.B.B.
 #D#.#.#A# 
 #D#.#.#A# 
 #D#B#.#C# 
 #B#C#.#C# 

AA.D...B.B.
 #D#.#.#A# 
 #D#.#.#A# 
 #D#B#.#C# 
 #B#C#C#C# 

AA.D...B..B
 #D#.#.#A# 
 #D#.#.#A# 
 #D#B#.#C# 
 #B#C#C#C# 

AA.D.....BB
 #D#.#.#A# 
 #D#.#.#A# 
 #D#B#.#C# 
 #B#C#C#C# 

AA.D.B...BB
 #D#.#.#A# 
 #D#.#.#A# 
 #D#.#.#C# 
 #B#C#C#C# 

AA.D...B.BB
 #D#.#.#A# 
 #D#.#.#A# 
 #D#.#.#C# 
 #B#C#C#C# 

AA.D.C.B.BB
 #D#.#.#A# 
 #D#.#.#A# 
 #D#.#.#C# 
 #B#.#C#C# 

AA.D...B.BB
 #D#.#.#A# 
 #D#.#.#A# 
 #D#.#C#C# 
 #B#.#C#C# 

AA.D.B...BB
 #D#.#.#A# 
 #D#.#.#A# 
 #D#.#C#C# 
 #B#.#C#C# 

AA.D.....BB
 #D#.#.#A# 
 #D#.#.#A# 
 #D#.#C#C# 
 #B#B#C#C# 

AA.D...B..B
 #D#.#.#A# 
 #D#.#.#A# 
 #D#.#C#C# 
 #B#B#C#C# 

AA.D.B....B
 #D#.#.#A# 
 #D#.#.#A# 
 #D#.#C#C# 
 #B#B#C#C# 

AA.D......B
 #D#.#.#A# 
 #D#.#.#A# 
 #D#B#C#C# 
 #B#B#C#C# 

AA.D.....B.
 #D#.#.#A# 
 #D#.#.#A# 
 #D#B#C#C# 
 #B#B#C#C# 

AA.D...B...
 #D#.#.#A# 
 #D#.#.#A# 
 #D#B#C#C# 
 #B#B#C#C# 

AA.D.B.....
 #D#.#.#A# 
 #D#.#.#A# 
 #D#B#C#C# 
 #B#B#C#C# 

AA.D.......
 #D#.#.#A# 
 #D#B#.#A# 
 #D#B#C#C# 
 #B#B#C#C# 

AA.D.....A.
 #D#.#.#.# 
 #D#B#.#A# 
 #D#B#C#C# 
 #B#B#C#C# 

AA.D......A
 #D#.#.#.# 
 #D#B#.#A# 
 #D#B#C#C# 
 #B#B#C#C# 

AA.D.....AA
 #D#.#.#.# 
 #D#B#.#.# 
 #D#B#C#C# 
 #B#B#C#C# 

AA.D...C.AA
 #D#.#.#.# 
 #D#B#.#.# 
 #D#B#C#.# 
 #B#B#C#C# 

AA.D.....AA
 #D#.#.#.# 
 #D#B#C#.# 
 #D#B#C#.# 
 #B#B#C#C# 

AA.D...C.AA
 #D#.#.#.# 
 #D#B#C#.# 
 #D#B#C#.# 
 #B#B#C#.# 

AA.D.....AA
 #D#.#C#.# 
 #D#B#C#.# 
 #D#B#C#.# 
 #B#B#C#.# 

AA...D...AA
 #D#.#C#.# 
 #D#B#C#.# 
 #D#B#C#.# 
 #B#B#C#.# 

AA.....D.AA
 #D#.#C#.# 
 #D#B#C#.# 
 #D#B#C#.# 
 #B#B#C#.# 

AA.......AA
 #D#.#C#.# 
 #D#B#C#.# 
 #D#B#C#.# 
 #B#B#C#D# 

AA.D.....AA
 #.#.#C#.# 
 #D#B#C#.# 
 #D#B#C#.# 
 #B#B#C#D# 

AA...D...AA
 #.#.#C#.# 
 #D#B#C#.# 
 #D#B#C#.# 
 #B#B#C#D# 

AA.....D.AA
 #.#.#C#.# 
 #D#B#C#.# 
 #D#B#C#.# 
 #B#B#C#D# 

AA.......AA
 #.#.#C#.# 
 #D#B#C#.# 
 #D#B#C#D# 
 #B#B#C#D# 

AA.D.....AA
 #.#.#C#.# 
 #.#B#C#.# 
 #D#B#C#D# 
 #B#B#C#D# 

AA...D...AA
 #.#.#C#.# 
 #.#B#C#.# 
 #D#B#C#D# 
 #B#B#C#D# 

AA.....D.AA
 #.#.#C#.# 
 #.#B#C#.# 
 #D#B#C#D# 
 #B#B#C#D# 

AA.......AA
 #.#.#C#.# 
 #.#B#C#D# 
 #D#B#C#D# 
 #B#B#C#D# 

AA.D.....AA
 #.#.#C#.# 
 #.#B#C#D# 
 #.#B#C#D# 
 #B#B#C#D# 

AA...D...AA
 #.#.#C#.# 
 #.#B#C#D# 
 #.#B#C#D# 
 #B#B#C#D# 

AA.B.D...AA
 #.#.#C#.# 
 #.#B#C#D# 
 #.#B#C#D# 
 #.#B#C#D# 

A..B.D...AA
 #.#.#C#.# 
 #.#B#C#D# 
 #.#B#C#D# 
 #A#B#C#D# 

A....D...AA
 #.#B#C#.# 
 #.#B#C#D# 
 #.#B#C#D# 
 #A#B#C#D# 

.A...D...AA
 #.#B#C#.# 
 #.#B#C#D# 
 #.#B#C#D# 
 #A#B#C#D# 

.....D...AA
 #.#B#C#.# 
 #.#B#C#D# 
 #A#B#C#D# 
 #A#B#C#D# 

.......D.AA
 #.#B#C#.# 
 #.#B#C#D# 
 #A#B#C#D# 
 #A#B#C#D# 

.........AA
 #.#B#C#D# 
 #.#B#C#D# 
 #A#B#C#D# 
 #A#B#C#D# 

.......A..A
 #.#B#C#D# 
 #.#B#C#D# 
 #A#B#C#D# 
 #A#B#C#D# 

.....A....A
 #.#B#C#D# 
 #.#B#C#D# 
 #A#B#C#D# 
 #A#B#C#D# 

...A......A
 #.#B#C#D# 
 #.#B#C#D# 
 #A#B#C#D# 
 #A#B#C#D# 

..........A
 #.#B#C#D# 
 #A#B#C#D# 
 #A#B#C#D# 
 #A#B#C#D# 

.........A.
 #.#B#C#D# 
 #A#B#C#D# 
 #A#B#C#D# 
 #A#B#C#D# 

.......A...
 #.#B#C#D# 
 #A#B#C#D# 
 #A#B#C#D# 
 #A#B#C#D# 

.....A.....
 #.#B#C#D# 
 #A#B#C#D# 
 #A#B#C#D# 
 #A#B#C#D# 

...A.......
 #.#B#C#D# 
 #A#B#C#D# 
 #A#B#C#D# 
 #A#B#C#D# 

...........
 #A#B#C#D# 
 #A#B#C#D# 
 #A#B#C#D# 
 #A#B#C#D# 










 